# JRE version: OpenJDK Runtime Environment (17.0.7) (build 17.0.7+0-b2043.56-10550314)
# Java VM: OpenJDK 64-Bit Server VM (17.0.7+0-b2043.56-10550314, mixed mode, tiered, compressed oops, compressed class ptrs, g1 gc, windows-amd64)
GC Precious Log:
 CPUs: 16 total, 16 available
 Memory: 16088M
 Large Page Support: Disabled
 NUMA Support: Disabled
 Compressed Oops: Enabled (32-bit)
 Heap Region Size: 1M
 Heap Min Capacity: 8M
 Heap Initial Capacity: 252M
 Heap Max Capacity: 2G
 Pre-touch: Disabled
 Parallel Workers: 13
 Concurrent Workers: 3
 Concurrent Refinement Workers: 13
 Periodic GC: Disabled
Heap:
 garbage-first heap   total 382976K, used 213342K [0x0000000080000000, 0x0000000100000000)
  region size 1024K, 18 young (18432K), 4 survivors (4096K)
 Metaspace       used 122954K, committed 123840K, reserved 1179648K
  class space    used 17170K, committed 17536K, reserved 1048576K
GC Heap History (20 events):
Event: 64.556 GC heap before
{Heap before GC invocations=66 (full 0):
 garbage-first heap   total 382976K, used 188530K [0x0000000080000000, 0x0000000100000000)
  region size 1024K, 18 young (18432K), 2 survivors (2048K)
 Metaspace       used 102555K, committed 103296K, reserved 1179648K
  class space    used 14088K, committed 14400K, reserved 1048576K
}
Event: 64.560 GC heap after
{Heap after GC invocations=67 (full 0):
 garbage-first heap   total 382976K, used 173041K [0x0000000080000000, 0x0000000100000000)
  region size 1024K, 3 young (3072K), 3 survivors (3072K)
 Metaspace       used 102555K, committed 103296K, reserved 1179648K
  class space    used 14088K, committed 14400K, reserved 1048576K
}
Event: 65.705 GC heap before
{Heap before GC invocations=67 (full 0):
 garbage-first heap   total 382976K, used 307185K [0x0000000080000000, 0x0000000100000000)
  region size 1024K, 134 young (137216K), 3 survivors (3072K)
 Metaspace       used 102561K, committed 103296K, reserved 1179648K
  class space    used 14089K, committed 14400K, reserved 1048576K
}
Event: 65.711 GC heap after
{Heap after GC invocations=68 (full 0):
 garbage-first heap   total 382976K, used 175826K [0x0000000080000000, 0x0000000100000000)
  region size 1024K, 6 young (6144K), 6 survivors (6144K)
 Metaspace       used 102561K, committed 103296K, reserved 1179648K
  class space    used 14089K, committed 14400K, reserved 1048576K
}
Event: 66.942 GC heap before
{Heap before GC invocations=68 (full 0):
 garbage-first heap   total 382976K, used 312018K [0x0000000080000000, 0x0000000100000000)
  region size 1024K, 139 young (142336K), 6 survivors (6144K)
 Metaspace       used 102563K, committed 103296K, reserved 1179648K
  class space    used 14089K, committed 14400K, reserved 1048576K
}
Event: 66.948 GC heap after
{Heap after GC invocations=69 (full 0):
 garbage-first heap   total 382976K, used 178377K [0x0000000080000000, 0x0000000100000000)
  region size 1024K, 8 young (8192K), 8 survivors (8192K)
 Metaspace       used 102563K, committed 103296K, reserved 1179648K
  class space    used 14089K, committed 14400K, reserved 1048576K
}
Event: 68.401 GC heap before
{Heap before GC invocations=69 (full 0):
 garbage-first heap   total 382976K, used 315593K [0x0000000080000000, 0x0000000100000000)
  region size 1024K, 142 young (145408K), 8 survivors (8192K)
 Metaspace       used 102563K, committed 103296K, reserved 1179648K
  class space    used 14089K, committed 14400K, reserved 1048576K
}
Event: 68.411 GC heap after
{Heap after GC invocations=70 (full 0):
 garbage-first heap   total 382976K, used 181055K [0x0000000080000000, 0x0000000100000000)
  region size 1024K, 11 young (11264K), 11 survivors (11264K)
 Metaspace       used 102563K, committed 103296K, reserved 1179648K
  class space    used 14089K, committed 14400K, reserved 1048576K
}
Event: 70.215 GC heap before
{Heap before GC invocations=70 (full 0):
 garbage-first heap   total 382976K, used 318271K [0x0000000080000000, 0x0000000100000000)
  region size 1024K, 145 young (148480K), 11 survivors (11264K)
 Metaspace       used 102563K, committed 103296K, reserved 1179648K
  class space    used 14089K, committed 14400K, reserved 1048576K
}
Event: 70.227 GC heap after
{Heap after GC invocations=71 (full 0):
 garbage-first heap   total 382976K, used 183559K [0x0000000080000000, 0x0000000100000000)
  region size 1024K, 12 young (12288K), 12 survivors (12288K)
 Metaspace       used 102563K, committed 103296K, reserved 1179648K
  class space    used 14089K, committed 14400K, reserved 1048576K
}
Event: 72.228 GC heap before
{Heap before GC invocations=71 (full 0):
 garbage-first heap   total 382976K, used 320775K [0x0000000080000000, 0x0000000100000000)
  region size 1024K, 146 young (149504K), 12 survivors (12288K)
 Metaspace       used 102565K, committed 103296K, reserved 1179648K
  class space    used 14089K, committed 14400K, reserved 1048576K
}
Event: 72.242 GC heap after
{Heap after GC invocations=72 (full 0):
 garbage-first heap   total 382976K, used 186294K [0x0000000080000000, 0x0000000100000000)
  region size 1024K, 13 young (13312K), 13 survivors (13312K)
 Metaspace       used 102565K, committed 103296K, reserved 1179648K
  class space    used 14089K, committed 14400K, reserved 1048576K
}
Event: 72.576 GC heap before
{Heap before GC invocations=72 (full 0):
 garbage-first heap   total 382976K, used 205750K [0x0000000080000000, 0x0000000100000000)
  region size 1024K, 33 young (33792K), 13 survivors (13312K)
 Metaspace       used 102623K, committed 103424K, reserved 1179648K
  class space    used 14103K, committed 14464K, reserved 1048576K
}
Event: 72.587 GC heap after
{Heap after GC invocations=73 (full 0):
 garbage-first heap   total 382976K, used 186466K [0x0000000080000000, 0x0000000100000000)
  region size 1024K, 10 young (10240K), 10 survivors (10240K)
 Metaspace       used 102623K, committed 103424K, reserved 1179648K
  class space    used 14103K, committed 14464K, reserved 1048576K
}
Event: 74.020 GC heap before
{Heap before GC invocations=74 (full 0):
 garbage-first heap   total 382976K, used 358498K [0x0000000080000000, 0x0000000100000000)
  region size 1024K, 109 young (111616K), 10 survivors (10240K)
 Metaspace       used 113599K, committed 114368K, reserved 1179648K
  class space    used 15855K, committed 16192K, reserved 1048576K
}
Event: 74.034 GC heap after
{Heap after GC invocations=75 (full 0):
 garbage-first heap   total 382976K, used 196582K [0x0000000080000000, 0x0000000100000000)
  region size 1024K, 17 young (17408K), 17 survivors (17408K)
 Metaspace       used 113599K, committed 114368K, reserved 1179648K
  class space    used 15855K, committed 16192K, reserved 1048576K
}
Event: 74.045 GC heap before
{Heap before GC invocations=75 (full 0):
 garbage-first heap   total 382976K, used 196582K [0x0000000080000000, 0x0000000100000000)
  region size 1024K, 18 young (18432K), 17 survivors (17408K)
 Metaspace       used 113679K, committed 114432K, reserved 1179648K
  class space    used 15864K, committed 16192K, reserved 1048576K
}
Event: 74.054 GC heap after
{Heap after GC invocations=76 (full 0):
 garbage-first heap   total 382976K, used 196143K [0x0000000080000000, 0x0000000100000000)
  region size 1024K, 2 young (2048K), 2 survivors (2048K)
 Metaspace       used 113679K, committed 114432K, reserved 1179648K
  class space    used 15864K, committed 16192K, reserved 1048576K
}
Event: 75.433 GC heap before
{Heap before GC invocations=76 (full 0):
 garbage-first heap   total 382976K, used 286255K [0x0000000080000000, 0x0000000100000000)
  region size 1024K, 92 young (94208K), 2 survivors (2048K)
 Metaspace       used 122665K, committed 123520K, reserved 1179648K
  class space    used 17148K, committed 17536K, reserved 1048576K
}
Event: 75.439 GC heap after
{Heap after GC invocations=77 (full 0):
 garbage-first heap   total 382976K, used 197982K [0x0000000080000000, 0x0000000100000000)
  region size 1024K, 4 young (4096K), 4 survivors (4096K)
 Metaspace       used 122665K, committed 123520K, reserved 1179648K
  class space    used 17148K, committed 17536K, reserved 1048576K
}

